2020-11-06 17:22:54.163  INFO 87227 --- [main] io.swagger.Swagger2SpringBoot            : Starting Swagger2SpringBoot on Hantaos-MacBook-Pro.local with PID 87227 (/Users/hantaoliu/Projects/skier-server/target/classes started by hantaoliu in /Users/hantaoliu/Projects/skier-server)
2020-11-06 17:22:54.165  INFO 87227 --- [main] io.swagger.Swagger2SpringBoot            : No active profile set, falling back to default profiles: default
2020-11-06 17:22:54.311  INFO 87227 --- [main] ationConfigEmbeddedWebApplicationContext : Refreshing org.springframework.boot.context.embedded.AnnotationConfigEmbeddedWebApplicationContext@55ca8de8: startup date [Fri Nov 06 17:22:54 PST 2020]; root of context hierarchy
2020-11-06 17:22:55.108  INFO 87227 --- [main] o.s.b.f.s.DefaultListableBeanFactory     : Overriding bean definition for bean 'rabbitTemplate' with a different definition: replacing [Root bean: class [null]; scope=; abstract=false; lazyInit=false; autowireMode=3; dependencyCheck=0; autowireCandidate=true; primary=false; factoryBeanName=rabbitMQConfiguration; factoryMethodName=rabbitTemplate; initMethodName=null; destroyMethodName=(inferred); defined in class path resource [io/swagger/configuration/RabbitMQConfiguration.class]] with [Root bean: class [null]; scope=; abstract=false; lazyInit=false; autowireMode=3; dependencyCheck=0; autowireCandidate=true; primary=false; factoryBeanName=org.springframework.boot.autoconfigure.amqp.RabbitAutoConfiguration$RabbitTemplateConfiguration; factoryMethodName=rabbitTemplate; initMethodName=null; destroyMethodName=(inferred); defined in class path resource [org/springframework/boot/autoconfigure/amqp/RabbitAutoConfiguration$RabbitTemplateConfiguration.class]]
2020-11-06 17:22:55.465  INFO 87227 --- [main] trationDelegate$BeanPostProcessorChecker : Bean 'org.springframework.amqp.rabbit.annotation.RabbitBootstrapConfiguration' of type [org.springframework.amqp.rabbit.annotation.RabbitBootstrapConfiguration$$EnhancerBySpringCGLIB$$656f64f2] is not eligible for getting processed by all BeanPostProcessors (for example: not eligible for auto-proxying)
2020-11-06 17:22:55.512  INFO 87227 --- [main] trationDelegate$BeanPostProcessorChecker : Bean 'org.springframework.transaction.annotation.ProxyTransactionManagementConfiguration' of type [org.springframework.transaction.annotation.ProxyTransactionManagementConfiguration$$EnhancerBySpringCGLIB$$9f03a6c4] is not eligible for getting processed by all BeanPostProcessors (for example: not eligible for auto-proxying)
2020-11-06 17:22:55.772  INFO 87227 --- [main] s.b.c.e.t.TomcatEmbeddedServletContainer : Tomcat initialized with port(s): 8080 (http)
2020-11-06 17:22:55.797  INFO 87227 --- [main] o.apache.catalina.core.StandardService   : Starting service [Tomcat]
2020-11-06 17:22:55.797  INFO 87227 --- [main] org.apache.catalina.core.StandardEngine  : Starting Servlet Engine: Apache Tomcat/8.5.43
2020-11-06 17:22:55.872  INFO 87227 --- [localhost-startStop-1] o.a.c.c.C.[Tomcat].[localhost].[/]       : Initializing Spring embedded WebApplicationContext
2020-11-06 17:22:55.873  INFO 87227 --- [localhost-startStop-1] o.s.web.context.ContextLoader            : Root WebApplicationContext: initialization completed in 1618 ms
2020-11-06 17:22:55.971  INFO 87227 --- [localhost-startStop-1] o.s.b.w.servlet.ServletRegistrationBean  : Mapping servlet: 'dispatcherServlet' to [/]
2020-11-06 17:22:55.973  INFO 87227 --- [localhost-startStop-1] o.s.b.w.servlet.FilterRegistrationBean   : Mapping filter: 'characterEncodingFilter' to: [/*]
2020-11-06 17:22:55.974  INFO 87227 --- [localhost-startStop-1] o.s.b.w.servlet.FilterRegistrationBean   : Mapping filter: 'hiddenHttpMethodFilter' to: [/*]
2020-11-06 17:22:55.974  INFO 87227 --- [localhost-startStop-1] o.s.b.w.servlet.FilterRegistrationBean   : Mapping filter: 'httpPutFormContentFilter' to: [/*]
2020-11-06 17:22:55.974  INFO 87227 --- [localhost-startStop-1] o.s.b.w.servlet.FilterRegistrationBean   : Mapping filter: 'requestContextFilter' to: [/*]
2020-11-06 17:22:56.162  INFO 87227 --- [main] o.s.j.d.DriverManagerDataSource          : Loaded JDBC driver: com.mysql.jdbc.Driver
2020-11-06 17:22:56.479  INFO 87227 --- [main] s.w.s.m.m.a.RequestMappingHandlerMapping : Mapped "{[/resort/day/top10vert],methods=[GET],produces=[application/json]}" onto public org.springframework.http.ResponseEntity<io.swagger.model.TopTen> io.swagger.rabbitmq.producer.ResortApiController.getTopTenVert(java.lang.String,java.lang.String)
2020-11-06 17:22:56.480  INFO 87227 --- [main] s.w.s.m.m.a.RequestMappingHandlerMapping : Mapped "{[/skiers/{resortID}/days/{dayID}/skiers/{skierID}],methods=[GET],produces=[application/json]}" onto public org.springframework.http.ResponseEntity<io.swagger.model.SkierVertical> io.swagger.rabbitmq.producer.SkiersApiController.getSkierDayVertical(java.lang.String,java.lang.String,java.lang.String)
2020-11-06 17:22:56.481  INFO 87227 --- [main] s.w.s.m.m.a.RequestMappingHandlerMapping : Mapped "{[/skiers/{skierID}/vertical],methods=[GET],produces=[application/json]}" onto public org.springframework.http.ResponseEntity<io.swagger.model.SkierVertical> io.swagger.rabbitmq.producer.SkiersApiController.getSkierResortTotals(java.lang.String,java.util.List<java.lang.String>)
2020-11-06 17:22:56.481  INFO 87227 --- [main] s.w.s.m.m.a.RequestMappingHandlerMapping : Mapped "{[/skiers/liftrides],methods=[POST],consumes=[application/json],produces=[application/json]}" onto public org.springframework.http.ResponseEntity<java.lang.Void> io.swagger.rabbitmq.producer.SkiersApiController.writeNewLiftRide(io.swagger.model.LiftRide)
2020-11-06 17:22:56.481  INFO 87227 --- [main] s.w.s.m.m.a.RequestMappingHandlerMapping : Mapped "{[/]}" onto public java.lang.String io.swagger.configuration.HomeController.index()
2020-11-06 17:22:56.484  INFO 87227 --- [main] s.w.s.m.m.a.RequestMappingHandlerMapping : Mapped "{[/swagger-resources/configuration/security]}" onto public org.springframework.http.ResponseEntity<springfox.documentation.swagger.web.SecurityConfiguration> springfox.documentation.swagger.web.ApiResourceController.securityConfiguration()
2020-11-06 17:22:56.484  INFO 87227 --- [main] s.w.s.m.m.a.RequestMappingHandlerMapping : Mapped "{[/swagger-resources/configuration/ui]}" onto public org.springframework.http.ResponseEntity<springfox.documentation.swagger.web.UiConfiguration> springfox.documentation.swagger.web.ApiResourceController.uiConfiguration()
2020-11-06 17:22:56.485  INFO 87227 --- [main] s.w.s.m.m.a.RequestMappingHandlerMapping : Mapped "{[/swagger-resources]}" onto public org.springframework.http.ResponseEntity<java.util.List<springfox.documentation.swagger.web.SwaggerResource>> springfox.documentation.swagger.web.ApiResourceController.swaggerResources()
2020-11-06 17:22:56.488  INFO 87227 --- [main] s.w.s.m.m.a.RequestMappingHandlerMapping : Mapped "{[/error]}" onto public org.springframework.http.ResponseEntity<java.util.Map<java.lang.String, java.lang.Object>> org.springframework.boot.autoconfigure.web.BasicErrorController.error(javax.servlet.http.HttpServletRequest)
2020-11-06 17:22:56.488  INFO 87227 --- [main] s.w.s.m.m.a.RequestMappingHandlerMapping : Mapped "{[/error],produces=[text/html]}" onto public org.springframework.web.servlet.ModelAndView org.springframework.boot.autoconfigure.web.BasicErrorController.errorHtml(javax.servlet.http.HttpServletRequest,javax.servlet.http.HttpServletResponse)
2020-11-06 17:22:56.588  INFO 87227 --- [main] pertySourcedRequestMappingHandlerMapping : Mapped URL path [/api-docs] onto method [public org.springframework.http.ResponseEntity<springfox.documentation.spring.web.json.Json> springfox.documentation.swagger2.web.Swagger2Controller.getDocumentation(java.lang.String,javax.servlet.http.HttpServletRequest)]
2020-11-06 17:22:56.699  INFO 87227 --- [main] s.w.s.m.m.a.RequestMappingHandlerAdapter : Looking for @ControllerAdvice: org.springframework.boot.context.embedded.AnnotationConfigEmbeddedWebApplicationContext@55ca8de8: startup date [Fri Nov 06 17:22:54 PST 2020]; root of context hierarchy
2020-11-06 17:22:56.750  INFO 87227 --- [main] o.s.w.s.handler.SimpleUrlHandlerMapping  : Mapped URL path [/webjars/**] onto handler of type [class org.springframework.web.servlet.resource.ResourceHttpRequestHandler]
2020-11-06 17:22:56.750  INFO 87227 --- [main] o.s.w.s.handler.SimpleUrlHandlerMapping  : Mapped URL path [/**] onto handler of type [class org.springframework.web.servlet.resource.ResourceHttpRequestHandler]
2020-11-06 17:22:56.784  INFO 87227 --- [main] o.s.w.s.handler.SimpleUrlHandlerMapping  : Mapped URL path [/**/favicon.ico] onto handler of type [class org.springframework.web.servlet.resource.ResourceHttpRequestHandler]
2020-11-06 17:22:57.084  INFO 87227 --- [main] o.s.j.e.a.AnnotationMBeanExporter        : Registering beans for JMX exposure on startup
2020-11-06 17:22:57.090  INFO 87227 --- [main] o.s.j.e.a.AnnotationMBeanExporter        : Bean with name 'rabbitConnectionFactory' has been autodetected for JMX exposure
2020-11-06 17:22:57.092  INFO 87227 --- [main] o.s.j.e.a.AnnotationMBeanExporter        : Located managed bean 'rabbitConnectionFactory': registering with JMX server as MBean [org.springframework.amqp.rabbit.connection:name=rabbitConnectionFactory,type=CachingConnectionFactory]
2020-11-06 17:22:57.110  INFO 87227 --- [main] o.s.c.support.DefaultLifecycleProcessor  : Starting beans in phase 2147483647
2020-11-06 17:22:57.110  INFO 87227 --- [main] d.s.w.p.DocumentationPluginsBootstrapper : Context refreshed
2020-11-06 17:22:57.120  INFO 87227 --- [main] d.s.w.p.DocumentationPluginsBootstrapper : Found 1 custom documentation plugin(s)
2020-11-06 17:22:57.140  INFO 87227 --- [main] s.d.s.w.s.ApiListingReferenceScanner     : Scanning for api listing references
2020-11-06 17:22:57.237  INFO 87227 --- [org.springframework.amqp.rabbit.RabbitListenerEndpointContainer#0-1] o.s.a.r.c.CachingConnectionFactory       : Attempting to connect to: [localhost:5672]
2020-11-06 17:22:57.270  INFO 87227 --- [org.springframework.amqp.rabbit.RabbitListenerEndpointContainer#0-1] o.s.a.r.c.CachingConnectionFactory       : Created new connection: rabbitConnectionFactory#33717a9c:0/SimpleConnection@74890f2c [delegate=amqp://guest@127.0.0.1:5672/, localPort= 53606]
2020-11-06 17:22:57.273  INFO 87227 --- [org.springframework.amqp.rabbit.RabbitListenerEndpointContainer#0-1] o.s.amqp.rabbit.core.RabbitAdmin         : Auto-declaring a non-durable, auto-delete, or exclusive Queue (skier-queue) durable:false, auto-delete:false, exclusive:false. It will be redeclared if the broker stops and is restarted while the connection factory is alive, but all messages will be lost.
2020-11-06 17:22:57.300  WARN 87227 --- [org.springframework.amqp.rabbit.RabbitListenerEndpointContainer#0-1] o.s.a.r.listener.BlockingQueueConsumer   : Failed to declare queue: jsa.queue
2020-11-06 17:22:57.304  WARN 87227 --- [org.springframework.amqp.rabbit.RabbitListenerEndpointContainer#0-1] o.s.a.r.listener.BlockingQueueConsumer   : Queue declaration failed; retries left=3

org.springframework.amqp.rabbit.listener.BlockingQueueConsumer$DeclarationException: Failed to declare queue(s):[jsa.queue]
	at org.springframework.amqp.rabbit.listener.BlockingQueueConsumer.attemptPassiveDeclarations(BlockingQueueConsumer.java:707) ~[spring-rabbit-1.7.14.RELEASE.jar:na]
	at org.springframework.amqp.rabbit.listener.BlockingQueueConsumer.start(BlockingQueueConsumer.java:597) ~[spring-rabbit-1.7.14.RELEASE.jar:na]
	at org.springframework.amqp.rabbit.listener.SimpleMessageListenerContainer$AsyncMessageProcessingConsumer.run(SimpleMessageListenerContainer.java:1504) [spring-rabbit-1.7.14.RELEASE.jar:na]
	at java.lang.Thread.run(Thread.java:748) [na:1.8.0_161]
Caused by: java.io.IOException: null
	at com.rabbitmq.client.impl.AMQChannel.wrap(AMQChannel.java:124) ~[amqp-client-4.8.3.jar:4.8.3]
	at com.rabbitmq.client.impl.AMQChannel.wrap(AMQChannel.java:120) ~[amqp-client-4.8.3.jar:4.8.3]
	at com.rabbitmq.client.impl.AMQChannel.exnWrappingRpc(AMQChannel.java:142) ~[amqp-client-4.8.3.jar:4.8.3]
	at com.rabbitmq.client.impl.ChannelN.queueDeclarePassive(ChannelN.java:1002) ~[amqp-client-4.8.3.jar:4.8.3]
	at com.rabbitmq.client.impl.ChannelN.queueDeclarePassive(ChannelN.java:53) ~[amqp-client-4.8.3.jar:4.8.3]
	at sun.reflect.NativeMethodAccessorImpl.invoke0(Native Method) ~[na:1.8.0_161]
	at sun.reflect.NativeMethodAccessorImpl.invoke(NativeMethodAccessorImpl.java:62) ~[na:1.8.0_161]
	at sun.reflect.DelegatingMethodAccessorImpl.invoke(DelegatingMethodAccessorImpl.java:43) ~[na:1.8.0_161]
	at java.lang.reflect.Method.invoke(Method.java:498) ~[na:1.8.0_161]
	at org.springframework.amqp.rabbit.connection.CachingConnectionFactory$CachedChannelInvocationHandler.invoke(CachingConnectionFactory.java:1031) ~[spring-rabbit-1.7.14.RELEASE.jar:na]
	at com.sun.proxy.$Proxy101.queueDeclarePassive(Unknown Source) ~[na:na]
	at org.springframework.amqp.rabbit.listener.BlockingQueueConsumer.attemptPassiveDeclarations(BlockingQueueConsumer.java:686) ~[spring-rabbit-1.7.14.RELEASE.jar:na]
	... 3 common frames omitted
Caused by: com.rabbitmq.client.ShutdownSignalException: channel error; protocol method: #method<channel.close>(reply-code=404, reply-text=NOT_FOUND - no queue 'jsa.queue' in vhost '/', class-id=50, method-id=10)
	at com.rabbitmq.utility.ValueOrException.getValue(ValueOrException.java:66) ~[amqp-client-4.8.3.jar:4.8.3]
	at com.rabbitmq.utility.BlockingValueOrException.uninterruptibleGetValue(BlockingValueOrException.java:36) ~[amqp-client-4.8.3.jar:4.8.3]
	at com.rabbitmq.client.impl.AMQChannel$BlockingRpcContinuation.getReply(AMQChannel.java:443) ~[amqp-client-4.8.3.jar:4.8.3]
	at com.rabbitmq.client.impl.AMQChannel.privateRpc(AMQChannel.java:263) ~[amqp-client-4.8.3.jar:4.8.3]
	at com.rabbitmq.client.impl.AMQChannel.exnWrappingRpc(AMQChannel.java:136) ~[amqp-client-4.8.3.jar:4.8.3]
	... 12 common frames omitted
Caused by: com.rabbitmq.client.ShutdownSignalException: channel error; protocol method: #method<channel.close>(reply-code=404, reply-text=NOT_FOUND - no queue 'jsa.queue' in vhost '/', class-id=50, method-id=10)
	at com.rabbitmq.client.impl.ChannelN.asyncShutdown(ChannelN.java:515) ~[amqp-client-4.8.3.jar:4.8.3]
	at com.rabbitmq.client.impl.ChannelN.processAsync(ChannelN.java:340) ~[amqp-client-4.8.3.jar:4.8.3]
	at com.rabbitmq.client.impl.AMQChannel.handleCompleteInboundCommand(AMQChannel.java:162) ~[amqp-client-4.8.3.jar:4.8.3]
	at com.rabbitmq.client.impl.AMQChannel.handleFrame(AMQChannel.java:109) ~[amqp-client-4.8.3.jar:4.8.3]
	at com.rabbitmq.client.impl.AMQConnection.readFrame(AMQConnection.java:676) ~[amqp-client-4.8.3.jar:4.8.3]
	at com.rabbitmq.client.impl.AMQConnection.access$300(AMQConnection.java:48) ~[amqp-client-4.8.3.jar:4.8.3]
	at com.rabbitmq.client.impl.AMQConnection$MainLoop.run(AMQConnection.java:603) ~[amqp-client-4.8.3.jar:4.8.3]
	... 1 common frames omitted

2020-11-06 17:23:02.314  WARN 87227 --- [org.springframework.amqp.rabbit.RabbitListenerEndpointContainer#0-1] o.s.a.r.listener.BlockingQueueConsumer   : Failed to declare queue: jsa.queue
2020-11-06 17:23:02.347  WARN 87227 --- [org.springframework.amqp.rabbit.RabbitListenerEndpointContainer#0-1] o.s.a.r.listener.BlockingQueueConsumer   : Queue declaration failed; retries left=2

org.springframework.amqp.rabbit.listener.BlockingQueueConsumer$DeclarationException: Failed to declare queue(s):[jsa.queue]
	at org.springframework.amqp.rabbit.listener.BlockingQueueConsumer.attemptPassiveDeclarations(BlockingQueueConsumer.java:707) ~[spring-rabbit-1.7.14.RELEASE.jar:na]
	at org.springframework.amqp.rabbit.listener.BlockingQueueConsumer.start(BlockingQueueConsumer.java:597) ~[spring-rabbit-1.7.14.RELEASE.jar:na]
	at org.springframework.amqp.rabbit.listener.SimpleMessageListenerContainer$AsyncMessageProcessingConsumer.run(SimpleMessageListenerContainer.java:1504) [spring-rabbit-1.7.14.RELEASE.jar:na]
	at java.lang.Thread.run(Thread.java:748) [na:1.8.0_161]
Caused by: java.io.IOException: null
	at com.rabbitmq.client.impl.AMQChannel.wrap(AMQChannel.java:124) ~[amqp-client-4.8.3.jar:4.8.3]
	at com.rabbitmq.client.impl.AMQChannel.wrap(AMQChannel.java:120) ~[amqp-client-4.8.3.jar:4.8.3]
	at com.rabbitmq.client.impl.AMQChannel.exnWrappingRpc(AMQChannel.java:142) ~[amqp-client-4.8.3.jar:4.8.3]
	at com.rabbitmq.client.impl.ChannelN.queueDeclarePassive(ChannelN.java:1002) ~[amqp-client-4.8.3.jar:4.8.3]
	at com.rabbitmq.client.impl.ChannelN.queueDeclarePassive(ChannelN.java:53) ~[amqp-client-4.8.3.jar:4.8.3]
	at sun.reflect.NativeMethodAccessorImpl.invoke0(Native Method) ~[na:1.8.0_161]
	at sun.reflect.NativeMethodAccessorImpl.invoke(NativeMethodAccessorImpl.java:62) ~[na:1.8.0_161]
	at sun.reflect.DelegatingMethodAccessorImpl.invoke(DelegatingMethodAccessorImpl.java:43) ~[na:1.8.0_161]
	at java.lang.reflect.Method.invoke(Method.java:498) ~[na:1.8.0_161]
	at org.springframework.amqp.rabbit.connection.CachingConnectionFactory$CachedChannelInvocationHandler.invoke(CachingConnectionFactory.java:1031) ~[spring-rabbit-1.7.14.RELEASE.jar:na]
	at com.sun.proxy.$Proxy101.queueDeclarePassive(Unknown Source) ~[na:na]
	at org.springframework.amqp.rabbit.listener.BlockingQueueConsumer.attemptPassiveDeclarations(BlockingQueueConsumer.java:686) ~[spring-rabbit-1.7.14.RELEASE.jar:na]
	... 3 common frames omitted
Caused by: com.rabbitmq.client.ShutdownSignalException: channel error; protocol method: #method<channel.close>(reply-code=404, reply-text=NOT_FOUND - no queue 'jsa.queue' in vhost '/', class-id=50, method-id=10)
	at com.rabbitmq.utility.ValueOrException.getValue(ValueOrException.java:66) ~[amqp-client-4.8.3.jar:4.8.3]
	at com.rabbitmq.utility.BlockingValueOrException.uninterruptibleGetValue(BlockingValueOrException.java:36) ~[amqp-client-4.8.3.jar:4.8.3]
	at com.rabbitmq.client.impl.AMQChannel$BlockingRpcContinuation.getReply(AMQChannel.java:443) ~[amqp-client-4.8.3.jar:4.8.3]
	at com.rabbitmq.client.impl.AMQChannel.privateRpc(AMQChannel.java:263) ~[amqp-client-4.8.3.jar:4.8.3]
	at com.rabbitmq.client.impl.AMQChannel.exnWrappingRpc(AMQChannel.java:136) ~[amqp-client-4.8.3.jar:4.8.3]
	... 12 common frames omitted
Caused by: com.rabbitmq.client.ShutdownSignalException: channel error; protocol method: #method<channel.close>(reply-code=404, reply-text=NOT_FOUND - no queue 'jsa.queue' in vhost '/', class-id=50, method-id=10)
	at com.rabbitmq.client.impl.ChannelN.asyncShutdown(ChannelN.java:515) ~[amqp-client-4.8.3.jar:4.8.3]
	at com.rabbitmq.client.impl.ChannelN.processAsync(ChannelN.java:340) ~[amqp-client-4.8.3.jar:4.8.3]
	at com.rabbitmq.client.impl.AMQChannel.handleCompleteInboundCommand(AMQChannel.java:162) ~[amqp-client-4.8.3.jar:4.8.3]
	at com.rabbitmq.client.impl.AMQChannel.handleFrame(AMQChannel.java:109) ~[amqp-client-4.8.3.jar:4.8.3]
	at com.rabbitmq.client.impl.AMQConnection.readFrame(AMQConnection.java:676) ~[amqp-client-4.8.3.jar:4.8.3]
	at com.rabbitmq.client.impl.AMQConnection.access$300(AMQConnection.java:48) ~[amqp-client-4.8.3.jar:4.8.3]
	at com.rabbitmq.client.impl.AMQConnection$MainLoop.run(AMQConnection.java:603) ~[amqp-client-4.8.3.jar:4.8.3]
	... 1 common frames omitted

2020-11-06 17:23:07.354  WARN 87227 --- [org.springframework.amqp.rabbit.RabbitListenerEndpointContainer#0-1] o.s.a.r.listener.BlockingQueueConsumer   : Failed to declare queue: jsa.queue
2020-11-06 17:23:07.357  WARN 87227 --- [org.springframework.amqp.rabbit.RabbitListenerEndpointContainer#0-1] o.s.a.r.listener.BlockingQueueConsumer   : Queue declaration failed; retries left=1

org.springframework.amqp.rabbit.listener.BlockingQueueConsumer$DeclarationException: Failed to declare queue(s):[jsa.queue]
	at org.springframework.amqp.rabbit.listener.BlockingQueueConsumer.attemptPassiveDeclarations(BlockingQueueConsumer.java:707) ~[spring-rabbit-1.7.14.RELEASE.jar:na]
	at org.springframework.amqp.rabbit.listener.BlockingQueueConsumer.start(BlockingQueueConsumer.java:597) ~[spring-rabbit-1.7.14.RELEASE.jar:na]
	at org.springframework.amqp.rabbit.listener.SimpleMessageListenerContainer$AsyncMessageProcessingConsumer.run(SimpleMessageListenerContainer.java:1504) [spring-rabbit-1.7.14.RELEASE.jar:na]
	at java.lang.Thread.run(Thread.java:748) [na:1.8.0_161]
Caused by: java.io.IOException: null
	at com.rabbitmq.client.impl.AMQChannel.wrap(AMQChannel.java:124) ~[amqp-client-4.8.3.jar:4.8.3]
	at com.rabbitmq.client.impl.AMQChannel.wrap(AMQChannel.java:120) ~[amqp-client-4.8.3.jar:4.8.3]
	at com.rabbitmq.client.impl.AMQChannel.exnWrappingRpc(AMQChannel.java:142) ~[amqp-client-4.8.3.jar:4.8.3]
	at com.rabbitmq.client.impl.ChannelN.queueDeclarePassive(ChannelN.java:1002) ~[amqp-client-4.8.3.jar:4.8.3]
	at com.rabbitmq.client.impl.ChannelN.queueDeclarePassive(ChannelN.java:53) ~[amqp-client-4.8.3.jar:4.8.3]
	at sun.reflect.NativeMethodAccessorImpl.invoke0(Native Method) ~[na:1.8.0_161]
	at sun.reflect.NativeMethodAccessorImpl.invoke(NativeMethodAccessorImpl.java:62) ~[na:1.8.0_161]
	at sun.reflect.DelegatingMethodAccessorImpl.invoke(DelegatingMethodAccessorImpl.java:43) ~[na:1.8.0_161]
	at java.lang.reflect.Method.invoke(Method.java:498) ~[na:1.8.0_161]
	at org.springframework.amqp.rabbit.connection.CachingConnectionFactory$CachedChannelInvocationHandler.invoke(CachingConnectionFactory.java:1031) ~[spring-rabbit-1.7.14.RELEASE.jar:na]
	at com.sun.proxy.$Proxy101.queueDeclarePassive(Unknown Source) ~[na:na]
	at org.springframework.amqp.rabbit.listener.BlockingQueueConsumer.attemptPassiveDeclarations(BlockingQueueConsumer.java:686) ~[spring-rabbit-1.7.14.RELEASE.jar:na]
	... 3 common frames omitted
Caused by: com.rabbitmq.client.ShutdownSignalException: channel error; protocol method: #method<channel.close>(reply-code=404, reply-text=NOT_FOUND - no queue 'jsa.queue' in vhost '/', class-id=50, method-id=10)
	at com.rabbitmq.utility.ValueOrException.getValue(ValueOrException.java:66) ~[amqp-client-4.8.3.jar:4.8.3]
	at com.rabbitmq.utility.BlockingValueOrException.uninterruptibleGetValue(BlockingValueOrException.java:36) ~[amqp-client-4.8.3.jar:4.8.3]
	at com.rabbitmq.client.impl.AMQChannel$BlockingRpcContinuation.getReply(AMQChannel.java:443) ~[amqp-client-4.8.3.jar:4.8.3]
	at com.rabbitmq.client.impl.AMQChannel.privateRpc(AMQChannel.java:263) ~[amqp-client-4.8.3.jar:4.8.3]
	at com.rabbitmq.client.impl.AMQChannel.exnWrappingRpc(AMQChannel.java:136) ~[amqp-client-4.8.3.jar:4.8.3]
	... 12 common frames omitted
Caused by: com.rabbitmq.client.ShutdownSignalException: channel error; protocol method: #method<channel.close>(reply-code=404, reply-text=NOT_FOUND - no queue 'jsa.queue' in vhost '/', class-id=50, method-id=10)
	at com.rabbitmq.client.impl.ChannelN.asyncShutdown(ChannelN.java:515) ~[amqp-client-4.8.3.jar:4.8.3]
	at com.rabbitmq.client.impl.ChannelN.processAsync(ChannelN.java:340) ~[amqp-client-4.8.3.jar:4.8.3]
	at com.rabbitmq.client.impl.AMQChannel.handleCompleteInboundCommand(AMQChannel.java:162) ~[amqp-client-4.8.3.jar:4.8.3]
	at com.rabbitmq.client.impl.AMQChannel.handleFrame(AMQChannel.java:109) ~[amqp-client-4.8.3.jar:4.8.3]
	at com.rabbitmq.client.impl.AMQConnection.readFrame(AMQConnection.java:676) ~[amqp-client-4.8.3.jar:4.8.3]
	at com.rabbitmq.client.impl.AMQConnection.access$300(AMQConnection.java:48) ~[amqp-client-4.8.3.jar:4.8.3]
	at com.rabbitmq.client.impl.AMQConnection$MainLoop.run(AMQConnection.java:603) ~[amqp-client-4.8.3.jar:4.8.3]
	... 1 common frames omitted

2020-11-06 17:23:12.370  WARN 87227 --- [org.springframework.amqp.rabbit.RabbitListenerEndpointContainer#0-1] o.s.a.r.listener.BlockingQueueConsumer   : Failed to declare queue: jsa.queue
2020-11-06 17:23:12.384 ERROR 87227 --- [org.springframework.amqp.rabbit.RabbitListenerEndpointContainer#0-1] o.s.a.r.l.SimpleMessageListenerContainer : Consumer received fatal=false exception on startup

org.springframework.amqp.rabbit.listener.QueuesNotAvailableException: Cannot prepare queue for listener. Either the queue doesn't exist or the broker will not allow us to use it.
	at org.springframework.amqp.rabbit.listener.BlockingQueueConsumer.start(BlockingQueueConsumer.java:629) ~[spring-rabbit-1.7.14.RELEASE.jar:na]
	at org.springframework.amqp.rabbit.listener.SimpleMessageListenerContainer$AsyncMessageProcessingConsumer.run(SimpleMessageListenerContainer.java:1504) ~[spring-rabbit-1.7.14.RELEASE.jar:na]
	at java.lang.Thread.run(Thread.java:748) [na:1.8.0_161]
Caused by: org.springframework.amqp.rabbit.listener.BlockingQueueConsumer$DeclarationException: Failed to declare queue(s):[jsa.queue]
	at org.springframework.amqp.rabbit.listener.BlockingQueueConsumer.attemptPassiveDeclarations(BlockingQueueConsumer.java:707) ~[spring-rabbit-1.7.14.RELEASE.jar:na]
	at org.springframework.amqp.rabbit.listener.BlockingQueueConsumer.start(BlockingQueueConsumer.java:597) ~[spring-rabbit-1.7.14.RELEASE.jar:na]
	... 2 common frames omitted
Caused by: java.io.IOException: null
	at com.rabbitmq.client.impl.AMQChannel.wrap(AMQChannel.java:124) ~[amqp-client-4.8.3.jar:4.8.3]
	at com.rabbitmq.client.impl.AMQChannel.wrap(AMQChannel.java:120) ~[amqp-client-4.8.3.jar:4.8.3]
	at com.rabbitmq.client.impl.AMQChannel.exnWrappingRpc(AMQChannel.java:142) ~[amqp-client-4.8.3.jar:4.8.3]
	at com.rabbitmq.client.impl.ChannelN.queueDeclarePassive(ChannelN.java:1002) ~[amqp-client-4.8.3.jar:4.8.3]
	at com.rabbitmq.client.impl.ChannelN.queueDeclarePassive(ChannelN.java:53) ~[amqp-client-4.8.3.jar:4.8.3]
	at sun.reflect.NativeMethodAccessorImpl.invoke0(Native Method) ~[na:1.8.0_161]
	at sun.reflect.NativeMethodAccessorImpl.invoke(NativeMethodAccessorImpl.java:62) ~[na:1.8.0_161]
	at sun.reflect.DelegatingMethodAccessorImpl.invoke(DelegatingMethodAccessorImpl.java:43) ~[na:1.8.0_161]
	at java.lang.reflect.Method.invoke(Method.java:498) ~[na:1.8.0_161]
	at org.springframework.amqp.rabbit.connection.CachingConnectionFactory$CachedChannelInvocationHandler.invoke(CachingConnectionFactory.java:1031) ~[spring-rabbit-1.7.14.RELEASE.jar:na]
	at com.sun.proxy.$Proxy101.queueDeclarePassive(Unknown Source) ~[na:na]
	at org.springframework.amqp.rabbit.listener.BlockingQueueConsumer.attemptPassiveDeclarations(BlockingQueueConsumer.java:686) ~[spring-rabbit-1.7.14.RELEASE.jar:na]
	... 3 common frames omitted
Caused by: com.rabbitmq.client.ShutdownSignalException: channel error; protocol method: #method<channel.close>(reply-code=404, reply-text=NOT_FOUND - no queue 'jsa.queue' in vhost '/', class-id=50, method-id=10)
	at com.rabbitmq.utility.ValueOrException.getValue(ValueOrException.java:66) ~[amqp-client-4.8.3.jar:4.8.3]
	at com.rabbitmq.utility.BlockingValueOrException.uninterruptibleGetValue(BlockingValueOrException.java:36) ~[amqp-client-4.8.3.jar:4.8.3]
	at com.rabbitmq.client.impl.AMQChannel$BlockingRpcContinuation.getReply(AMQChannel.java:443) ~[amqp-client-4.8.3.jar:4.8.3]
	at com.rabbitmq.client.impl.AMQChannel.privateRpc(AMQChannel.java:263) ~[amqp-client-4.8.3.jar:4.8.3]
	at com.rabbitmq.client.impl.AMQChannel.exnWrappingRpc(AMQChannel.java:136) ~[amqp-client-4.8.3.jar:4.8.3]
	... 12 common frames omitted
Caused by: com.rabbitmq.client.ShutdownSignalException: channel error; protocol method: #method<channel.close>(reply-code=404, reply-text=NOT_FOUND - no queue 'jsa.queue' in vhost '/', class-id=50, method-id=10)
	at com.rabbitmq.client.impl.ChannelN.asyncShutdown(ChannelN.java:515) ~[amqp-client-4.8.3.jar:4.8.3]
	at com.rabbitmq.client.impl.ChannelN.processAsync(ChannelN.java:340) ~[amqp-client-4.8.3.jar:4.8.3]
	at com.rabbitmq.client.impl.AMQChannel.handleCompleteInboundCommand(AMQChannel.java:162) ~[amqp-client-4.8.3.jar:4.8.3]
	at com.rabbitmq.client.impl.AMQChannel.handleFrame(AMQChannel.java:109) ~[amqp-client-4.8.3.jar:4.8.3]
	at com.rabbitmq.client.impl.AMQConnection.readFrame(AMQConnection.java:676) ~[amqp-client-4.8.3.jar:4.8.3]
	at com.rabbitmq.client.impl.AMQConnection.access$300(AMQConnection.java:48) ~[amqp-client-4.8.3.jar:4.8.3]
	at com.rabbitmq.client.impl.AMQConnection$MainLoop.run(AMQConnection.java:603) ~[amqp-client-4.8.3.jar:4.8.3]
	... 1 common frames omitted

2020-11-06 17:23:12.384 ERROR 87227 --- [org.springframework.amqp.rabbit.RabbitListenerEndpointContainer#0-1] o.s.a.r.l.SimpleMessageListenerContainer : Consumer received fatal exception on startup

org.springframework.amqp.rabbit.listener.QueuesNotAvailableException: Cannot prepare queue for listener. Either the queue doesn't exist or the broker will not allow us to use it.
	at org.springframework.amqp.rabbit.listener.BlockingQueueConsumer.start(BlockingQueueConsumer.java:629) ~[spring-rabbit-1.7.14.RELEASE.jar:na]
	at org.springframework.amqp.rabbit.listener.SimpleMessageListenerContainer$AsyncMessageProcessingConsumer.run(SimpleMessageListenerContainer.java:1504) ~[spring-rabbit-1.7.14.RELEASE.jar:na]
	at java.lang.Thread.run(Thread.java:748) [na:1.8.0_161]
Caused by: org.springframework.amqp.rabbit.listener.BlockingQueueConsumer$DeclarationException: Failed to declare queue(s):[jsa.queue]
	at org.springframework.amqp.rabbit.listener.BlockingQueueConsumer.attemptPassiveDeclarations(BlockingQueueConsumer.java:707) ~[spring-rabbit-1.7.14.RELEASE.jar:na]
	at org.springframework.amqp.rabbit.listener.BlockingQueueConsumer.start(BlockingQueueConsumer.java:597) ~[spring-rabbit-1.7.14.RELEASE.jar:na]
	... 2 common frames omitted
Caused by: java.io.IOException: null
	at com.rabbitmq.client.impl.AMQChannel.wrap(AMQChannel.java:124) ~[amqp-client-4.8.3.jar:4.8.3]
	at com.rabbitmq.client.impl.AMQChannel.wrap(AMQChannel.java:120) ~[amqp-client-4.8.3.jar:4.8.3]
	at com.rabbitmq.client.impl.AMQChannel.exnWrappingRpc(AMQChannel.java:142) ~[amqp-client-4.8.3.jar:4.8.3]
	at com.rabbitmq.client.impl.ChannelN.queueDeclarePassive(ChannelN.java:1002) ~[amqp-client-4.8.3.jar:4.8.3]
	at com.rabbitmq.client.impl.ChannelN.queueDeclarePassive(ChannelN.java:53) ~[amqp-client-4.8.3.jar:4.8.3]
	at sun.reflect.NativeMethodAccessorImpl.invoke0(Native Method) ~[na:1.8.0_161]
	at sun.reflect.NativeMethodAccessorImpl.invoke(NativeMethodAccessorImpl.java:62) ~[na:1.8.0_161]
	at sun.reflect.DelegatingMethodAccessorImpl.invoke(DelegatingMethodAccessorImpl.java:43) ~[na:1.8.0_161]
	at java.lang.reflect.Method.invoke(Method.java:498) ~[na:1.8.0_161]
	at org.springframework.amqp.rabbit.connection.CachingConnectionFactory$CachedChannelInvocationHandler.invoke(CachingConnectionFactory.java:1031) ~[spring-rabbit-1.7.14.RELEASE.jar:na]
	at com.sun.proxy.$Proxy101.queueDeclarePassive(Unknown Source) ~[na:na]
	at org.springframework.amqp.rabbit.listener.BlockingQueueConsumer.attemptPassiveDeclarations(BlockingQueueConsumer.java:686) ~[spring-rabbit-1.7.14.RELEASE.jar:na]
	... 3 common frames omitted
Caused by: com.rabbitmq.client.ShutdownSignalException: channel error; protocol method: #method<channel.close>(reply-code=404, reply-text=NOT_FOUND - no queue 'jsa.queue' in vhost '/', class-id=50, method-id=10)
	at com.rabbitmq.utility.ValueOrException.getValue(ValueOrException.java:66) ~[amqp-client-4.8.3.jar:4.8.3]
	at com.rabbitmq.utility.BlockingValueOrException.uninterruptibleGetValue(BlockingValueOrException.java:36) ~[amqp-client-4.8.3.jar:4.8.3]
	at com.rabbitmq.client.impl.AMQChannel$BlockingRpcContinuation.getReply(AMQChannel.java:443) ~[amqp-client-4.8.3.jar:4.8.3]
	at com.rabbitmq.client.impl.AMQChannel.privateRpc(AMQChannel.java:263) ~[amqp-client-4.8.3.jar:4.8.3]
	at com.rabbitmq.client.impl.AMQChannel.exnWrappingRpc(AMQChannel.java:136) ~[amqp-client-4.8.3.jar:4.8.3]
	... 12 common frames omitted
Caused by: com.rabbitmq.client.ShutdownSignalException: channel error; protocol method: #method<channel.close>(reply-code=404, reply-text=NOT_FOUND - no queue 'jsa.queue' in vhost '/', class-id=50, method-id=10)
	at com.rabbitmq.client.impl.ChannelN.asyncShutdown(ChannelN.java:515) ~[amqp-client-4.8.3.jar:4.8.3]
	at com.rabbitmq.client.impl.ChannelN.processAsync(ChannelN.java:340) ~[amqp-client-4.8.3.jar:4.8.3]
	at com.rabbitmq.client.impl.AMQChannel.handleCompleteInboundCommand(AMQChannel.java:162) ~[amqp-client-4.8.3.jar:4.8.3]
	at com.rabbitmq.client.impl.AMQChannel.handleFrame(AMQChannel.java:109) ~[amqp-client-4.8.3.jar:4.8.3]
	at com.rabbitmq.client.impl.AMQConnection.readFrame(AMQConnection.java:676) ~[amqp-client-4.8.3.jar:4.8.3]
	at com.rabbitmq.client.impl.AMQConnection.access$300(AMQConnection.java:48) ~[amqp-client-4.8.3.jar:4.8.3]
	at com.rabbitmq.client.impl.AMQConnection$MainLoop.run(AMQConnection.java:603) ~[amqp-client-4.8.3.jar:4.8.3]
	... 1 common frames omitted

2020-11-06 17:23:12.386  WARN 87227 --- [main] ationConfigEmbeddedWebApplicationContext : Exception encountered during context initialization - cancelling refresh attempt: org.springframework.context.ApplicationContextException: Failed to start bean 'org.springframework.amqp.rabbit.config.internalRabbitListenerEndpointRegistry'; nested exception is org.springframework.amqp.AmqpIllegalStateException: Fatal exception on listener startup
2020-11-06 17:23:12.387  INFO 87227 --- [main] o.s.a.r.l.SimpleMessageListenerContainer : Waiting for workers to finish.
2020-11-06 17:23:12.387  INFO 87227 --- [main] o.s.a.r.l.SimpleMessageListenerContainer : Successfully waited for workers to finish.
2020-11-06 17:23:12.388 ERROR 87227 --- [org.springframework.amqp.rabbit.RabbitListenerEndpointContainer#0-1] o.s.a.r.l.SimpleMessageListenerContainer : Stopping container from aborted consumer
2020-11-06 17:23:12.388  INFO 87227 --- [main] o.s.j.e.a.AnnotationMBeanExporter        : Unregistering JMX-exposed beans on shutdown
2020-11-06 17:23:12.388  INFO 87227 --- [org.springframework.amqp.rabbit.RabbitListenerEndpointContainer#0-1] o.s.a.r.l.SimpleMessageListenerContainer : Shutdown ignored - container is not active already
2020-11-06 17:23:12.388  INFO 87227 --- [main] o.s.j.e.a.AnnotationMBeanExporter        : Unregistering JMX-exposed beans
2020-11-06 17:23:12.397  INFO 87227 --- [main] o.apache.catalina.core.StandardService   : Stopping service [Tomcat]
2020-11-06 17:23:12.405  INFO 87227 --- [main] utoConfigurationReportLoggingInitializer : 

Error starting ApplicationContext. To display the auto-configuration report re-run your application with 'debug' enabled.
2020-11-06 17:23:12.410 ERROR 87227 --- [main] o.s.boot.SpringApplication               : Application startup failed

org.springframework.context.ApplicationContextException: Failed to start bean 'org.springframework.amqp.rabbit.config.internalRabbitListenerEndpointRegistry'; nested exception is org.springframework.amqp.AmqpIllegalStateException: Fatal exception on listener startup
	at org.springframework.context.support.DefaultLifecycleProcessor.doStart(DefaultLifecycleProcessor.java:176) ~[spring-context-4.3.25.RELEASE.jar:4.3.25.RELEASE]
	at org.springframework.context.support.DefaultLifecycleProcessor.access$200(DefaultLifecycleProcessor.java:50) ~[spring-context-4.3.25.RELEASE.jar:4.3.25.RELEASE]
	at org.springframework.context.support.DefaultLifecycleProcessor$LifecycleGroup.start(DefaultLifecycleProcessor.java:350) ~[spring-context-4.3.25.RELEASE.jar:4.3.25.RELEASE]
	at org.springframework.context.support.DefaultLifecycleProcessor.startBeans(DefaultLifecycleProcessor.java:149) ~[spring-context-4.3.25.RELEASE.jar:4.3.25.RELEASE]
	at org.springframework.context.support.DefaultLifecycleProcessor.onRefresh(DefaultLifecycleProcessor.java:112) ~[spring-context-4.3.25.RELEASE.jar:4.3.25.RELEASE]
	at org.springframework.context.support.AbstractApplicationContext.finishRefresh(AbstractApplicationContext.java:880) ~[spring-context-4.3.25.RELEASE.jar:4.3.25.RELEASE]
	at org.springframework.boot.context.embedded.EmbeddedWebApplicationContext.finishRefresh(EmbeddedWebApplicationContext.java:144) ~[spring-boot-1.5.22.RELEASE.jar:1.5.22.RELEASE]
	at org.springframework.context.support.AbstractApplicationContext.refresh(AbstractApplicationContext.java:545) ~[spring-context-4.3.25.RELEASE.jar:4.3.25.RELEASE]
	at org.springframework.boot.context.embedded.EmbeddedWebApplicationContext.refresh(EmbeddedWebApplicationContext.java:123) ~[spring-boot-1.5.22.RELEASE.jar:1.5.22.RELEASE]
	at org.springframework.boot.SpringApplication.refresh(SpringApplication.java:666) ~[spring-boot-1.5.22.RELEASE.jar:1.5.22.RELEASE]
	at org.springframework.boot.SpringApplication.refreshContext(SpringApplication.java:353) ~[spring-boot-1.5.22.RELEASE.jar:1.5.22.RELEASE]
	at org.springframework.boot.SpringApplication.run(SpringApplication.java:300) ~[spring-boot-1.5.22.RELEASE.jar:1.5.22.RELEASE]
	at io.swagger.Swagger2SpringBoot.main(Swagger2SpringBoot.java:25) [classes/:na]
Caused by: org.springframework.amqp.AmqpIllegalStateException: Fatal exception on listener startup
	at org.springframework.amqp.rabbit.listener.SimpleMessageListenerContainer.doStart(SimpleMessageListenerContainer.java:897) ~[spring-rabbit-1.7.14.RELEASE.jar:na]
	at org.springframework.amqp.rabbit.listener.AbstractMessageListenerContainer.start(AbstractMessageListenerContainer.java:625) ~[spring-rabbit-1.7.14.RELEASE.jar:na]
	at org.springframework.amqp.rabbit.listener.RabbitListenerEndpointRegistry.startIfNecessary(RabbitListenerEndpointRegistry.java:279) ~[spring-rabbit-1.7.14.RELEASE.jar:na]
	at org.springframework.amqp.rabbit.listener.RabbitListenerEndpointRegistry.start(RabbitListenerEndpointRegistry.java:235) ~[spring-rabbit-1.7.14.RELEASE.jar:na]
	at org.springframework.context.support.DefaultLifecycleProcessor.doStart(DefaultLifecycleProcessor.java:173) ~[spring-context-4.3.25.RELEASE.jar:4.3.25.RELEASE]
	... 12 common frames omitted
Caused by: org.springframework.amqp.rabbit.listener.QueuesNotAvailableException: Cannot prepare queue for listener. Either the queue doesn't exist or the broker will not allow us to use it.
	at org.springframework.amqp.rabbit.listener.BlockingQueueConsumer.start(BlockingQueueConsumer.java:629) ~[spring-rabbit-1.7.14.RELEASE.jar:na]
	at org.springframework.amqp.rabbit.listener.SimpleMessageListenerContainer$AsyncMessageProcessingConsumer.run(SimpleMessageListenerContainer.java:1504) ~[spring-rabbit-1.7.14.RELEASE.jar:na]
	at java.lang.Thread.run(Thread.java:748) ~[na:1.8.0_161]
Caused by: org.springframework.amqp.rabbit.listener.BlockingQueueConsumer$DeclarationException: Failed to declare queue(s):[jsa.queue]
	at org.springframework.amqp.rabbit.listener.BlockingQueueConsumer.attemptPassiveDeclarations(BlockingQueueConsumer.java:707) ~[spring-rabbit-1.7.14.RELEASE.jar:na]
	at org.springframework.amqp.rabbit.listener.BlockingQueueConsumer.start(BlockingQueueConsumer.java:597) ~[spring-rabbit-1.7.14.RELEASE.jar:na]
	... 2 common frames omitted
Caused by: java.io.IOException: null
	at com.rabbitmq.client.impl.AMQChannel.wrap(AMQChannel.java:124) ~[amqp-client-4.8.3.jar:4.8.3]
	at com.rabbitmq.client.impl.AMQChannel.wrap(AMQChannel.java:120) ~[amqp-client-4.8.3.jar:4.8.3]
	at com.rabbitmq.client.impl.AMQChannel.exnWrappingRpc(AMQChannel.java:142) ~[amqp-client-4.8.3.jar:4.8.3]
	at com.rabbitmq.client.impl.ChannelN.queueDeclarePassive(ChannelN.java:1002) ~[amqp-client-4.8.3.jar:4.8.3]
	at com.rabbitmq.client.impl.ChannelN.queueDeclarePassive(ChannelN.java:53) ~[amqp-client-4.8.3.jar:4.8.3]
	at sun.reflect.NativeMethodAccessorImpl.invoke0(Native Method) ~[na:1.8.0_161]
	at sun.reflect.NativeMethodAccessorImpl.invoke(NativeMethodAccessorImpl.java:62) ~[na:1.8.0_161]
	at sun.reflect.DelegatingMethodAccessorImpl.invoke(DelegatingMethodAccessorImpl.java:43) ~[na:1.8.0_161]
	at java.lang.reflect.Method.invoke(Method.java:498) ~[na:1.8.0_161]
	at org.springframework.amqp.rabbit.connection.CachingConnectionFactory$CachedChannelInvocationHandler.invoke(CachingConnectionFactory.java:1031) ~[spring-rabbit-1.7.14.RELEASE.jar:na]
	at com.sun.proxy.$Proxy101.queueDeclarePassive(Unknown Source) ~[na:na]
	at org.springframework.amqp.rabbit.listener.BlockingQueueConsumer.attemptPassiveDeclarations(BlockingQueueConsumer.java:686) ~[spring-rabbit-1.7.14.RELEASE.jar:na]
	... 3 common frames omitted
Caused by: com.rabbitmq.client.ShutdownSignalException: channel error; protocol method: #method<channel.close>(reply-code=404, reply-text=NOT_FOUND - no queue 'jsa.queue' in vhost '/', class-id=50, method-id=10)
	at com.rabbitmq.utility.ValueOrException.getValue(ValueOrException.java:66) ~[amqp-client-4.8.3.jar:4.8.3]
	at com.rabbitmq.utility.BlockingValueOrException.uninterruptibleGetValue(BlockingValueOrException.java:36) ~[amqp-client-4.8.3.jar:4.8.3]
	at com.rabbitmq.client.impl.AMQChannel$BlockingRpcContinuation.getReply(AMQChannel.java:443) ~[amqp-client-4.8.3.jar:4.8.3]
	at com.rabbitmq.client.impl.AMQChannel.privateRpc(AMQChannel.java:263) ~[amqp-client-4.8.3.jar:4.8.3]
	at com.rabbitmq.client.impl.AMQChannel.exnWrappingRpc(AMQChannel.java:136) ~[amqp-client-4.8.3.jar:4.8.3]
	... 12 common frames omitted
Caused by: com.rabbitmq.client.ShutdownSignalException: channel error; protocol method: #method<channel.close>(reply-code=404, reply-text=NOT_FOUND - no queue 'jsa.queue' in vhost '/', class-id=50, method-id=10)
	at com.rabbitmq.client.impl.ChannelN.asyncShutdown(ChannelN.java:515) ~[amqp-client-4.8.3.jar:4.8.3]
	at com.rabbitmq.client.impl.ChannelN.processAsync(ChannelN.java:340) ~[amqp-client-4.8.3.jar:4.8.3]
	at com.rabbitmq.client.impl.AMQChannel.handleCompleteInboundCommand(AMQChannel.java:162) ~[amqp-client-4.8.3.jar:4.8.3]
	at com.rabbitmq.client.impl.AMQChannel.handleFrame(AMQChannel.java:109) ~[amqp-client-4.8.3.jar:4.8.3]
	at com.rabbitmq.client.impl.AMQConnection.readFrame(AMQConnection.java:676) ~[amqp-client-4.8.3.jar:4.8.3]
	at com.rabbitmq.client.impl.AMQConnection.access$300(AMQConnection.java:48) ~[amqp-client-4.8.3.jar:4.8.3]
	at com.rabbitmq.client.impl.AMQConnection$MainLoop.run(AMQConnection.java:603) ~[amqp-client-4.8.3.jar:4.8.3]
	... 1 common frames omitted

